# JRE version: OpenJDK Runtime Environment (21.0.6) (build 21.0.6+-13368085-b895.109)
# Java VM: OpenJDK 64-Bit Server VM (21.0.6+-13368085-b895.109, mixed mode, tiered, compressed oops, compressed class ptrs, g1 gc, windows-amd64)
GC Precious Log:
 CardTable entry size: 512
 Card Set container configuration: InlinePtr #cards 4 size 8 Array Of Cards #cards 32 size 80 Howl #buckets 8 coarsen threshold 7372 Howl Bitmap #cards 1024 size 144 coarsen threshold 921 Card regions per heap region 1 cards per card region 8192
 CPUs: 8 total, 8 available
 Memory: 20358M
 Large Page Support: Disabled
 NUMA Support: Disabled
 Compressed Oops: Enabled (Zero based)
 Heap Region Size: 4M
 Heap Min Capacity: 8M
 Heap Initial Capacity: 320M
 Heap Max Capacity: 5092M
 Pre-touch: Disabled
 Parallel Workers: 8
 Concurrent Workers: 2
 Concurrent Refinement Workers: 8
 Periodic GC: Disabled
Heap:
 garbage-first heap   total 192512K, used 93516K [0x00000006c1c00000, 0x0000000800000000)
  region size 4096K, 3 young (12288K), 3 survivors (12288K)
 Metaspace       used 71763K, committed 72064K, reserved 1114112K
  class space    used 7942K, committed 8064K, reserved 1048576K
GC Heap History (20 events):
Event: 2.531 GC heap after
{Heap after GC invocations=5 (full 0):
 garbage-first heap   total 53248K, used 16457K [0x00000006c1c00000, 0x0000000800000000)
  region size 4096K, 3 young (12288K), 3 survivors (12288K)
 Metaspace       used 26039K, committed 26304K, reserved 1114112K
  class space    used 2818K, committed 2944K, reserved 1048576K
}
Event: 2.880 GC heap before
{Heap before GC invocations=5 (full 0):
 garbage-first heap   total 53248K, used 32841K [0x00000006c1c00000, 0x0000000800000000)
  region size 4096K, 7 young (28672K), 3 survivors (12288K)
 Metaspace       used 28443K, committed 28736K, reserved 1114112K
  class space    used 3087K, committed 3200K, reserved 1048576K
}
Event: 2.907 GC heap after
{Heap after GC invocations=6 (full 0):
 garbage-first heap   total 53248K, used 19363K [0x00000006c1c00000, 0x0000000800000000)
  region size 4096K, 1 young (4096K), 1 survivors (4096K)
 Metaspace       used 28443K, committed 28736K, reserved 1114112K
  class space    used 3087K, committed 3200K, reserved 1048576K
}
Event: 3.576 GC heap before
{Heap before GC invocations=6 (full 0):
 garbage-first heap   total 53248K, used 39843K [0x00000006c1c00000, 0x0000000800000000)
  region size 4096K, 6 young (24576K), 1 survivors (4096K)
 Metaspace       used 34533K, committed 34816K, reserved 1114112K
  class space    used 4233K, committed 4352K, reserved 1048576K
}
Event: 3.593 GC heap after
{Heap after GC invocations=7 (full 0):
 garbage-first heap   total 53248K, used 21362K [0x00000006c1c00000, 0x0000000800000000)
  region size 4096K, 1 young (4096K), 1 survivors (4096K)
 Metaspace       used 34533K, committed 34816K, reserved 1114112K
  class space    used 4233K, committed 4352K, reserved 1048576K
}
Event: 3.797 GC heap before
{Heap before GC invocations=7 (full 0):
 garbage-first heap   total 53248K, used 29554K [0x00000006c1c00000, 0x0000000800000000)
  region size 4096K, 4 young (16384K), 1 survivors (4096K)
 Metaspace       used 35907K, committed 36160K, reserved 1114112K
  class space    used 4387K, committed 4480K, reserved 1048576K
}
Event: 3.807 GC heap after
{Heap after GC invocations=8 (full 0):
 garbage-first heap   total 53248K, used 22352K [0x00000006c1c00000, 0x0000000800000000)
  region size 4096K, 1 young (4096K), 1 survivors (4096K)
 Metaspace       used 35907K, committed 36160K, reserved 1114112K
  class space    used 4387K, committed 4480K, reserved 1048576K
}
Event: 4.153 GC heap before
{Heap before GC invocations=9 (full 0):
 garbage-first heap   total 53248K, used 34640K [0x00000006c1c00000, 0x0000000800000000)
  region size 4096K, 5 young (20480K), 1 survivors (4096K)
 Metaspace       used 39615K, committed 39936K, reserved 1114112K
  class space    used 4759K, committed 4928K, reserved 1048576K
}
Event: 4.164 GC heap after
{Heap after GC invocations=10 (full 0):
 garbage-first heap   total 53248K, used 23372K [0x00000006c1c00000, 0x0000000800000000)
  region size 4096K, 1 young (4096K), 1 survivors (4096K)
 Metaspace       used 39615K, committed 39936K, reserved 1114112K
  class space    used 4759K, committed 4928K, reserved 1048576K
}
Event: 4.731 GC heap before
{Heap before GC invocations=10 (full 0):
 garbage-first heap   total 53248K, used 39756K [0x00000006c1c00000, 0x0000000800000000)
  region size 4096K, 5 young (20480K), 1 survivors (4096K)
 Metaspace       used 44197K, committed 44480K, reserved 1114112K
  class space    used 5221K, committed 5376K, reserved 1048576K
}
Event: 4.754 GC heap after
{Heap after GC invocations=11 (full 0):
 garbage-first heap   total 192512K, used 23785K [0x00000006c1c00000, 0x0000000800000000)
  region size 4096K, 1 young (4096K), 1 survivors (4096K)
 Metaspace       used 44197K, committed 44480K, reserved 1114112K
  class space    used 5221K, committed 5376K, reserved 1048576K
}
Event: 7.419 GC heap before
{Heap before GC invocations=11 (full 0):
 garbage-first heap   total 192512K, used 134377K [0x00000006c1c00000, 0x0000000800000000)
  region size 4096K, 28 young (114688K), 1 survivors (4096K)
 Metaspace       used 54809K, committed 55168K, reserved 1114112K
  class space    used 6299K, committed 6464K, reserved 1048576K
}
Event: 7.470 GC heap after
{Heap after GC invocations=12 (full 0):
 garbage-first heap   total 192512K, used 49424K [0x00000006c1c00000, 0x0000000800000000)
  region size 4096K, 4 young (16384K), 4 survivors (16384K)
 Metaspace       used 54809K, committed 55168K, reserved 1114112K
  class space    used 6299K, committed 6464K, reserved 1048576K
}
Event: 9.548 GC heap before
{Heap before GC invocations=12 (full 0):
 garbage-first heap   total 192512K, used 114960K [0x00000006c1c00000, 0x0000000800000000)
  region size 4096K, 20 young (81920K), 4 survivors (16384K)
 Metaspace       used 60528K, committed 60864K, reserved 1114112K
  class space    used 6966K, committed 7104K, reserved 1048576K
}
Event: 9.601 GC heap after
{Heap after GC invocations=13 (full 0):
 garbage-first heap   total 192512K, used 63115K [0x00000006c1c00000, 0x0000000800000000)
  region size 4096K, 3 young (12288K), 3 survivors (12288K)
 Metaspace       used 60528K, committed 60864K, reserved 1114112K
  class space    used 6966K, committed 7104K, reserved 1048576K
}
Event: 10.176 GC heap before
{Heap before GC invocations=13 (full 0):
 garbage-first heap   total 192512K, used 95883K [0x00000006c1c00000, 0x0000000800000000)
  region size 4096K, 12 young (49152K), 3 survivors (12288K)
 Metaspace       used 60840K, committed 61120K, reserved 1114112K
  class space    used 6975K, committed 7104K, reserved 1048576K
}
Event: 10.210 GC heap after
{Heap after GC invocations=14 (full 0):
 garbage-first heap   total 192512K, used 71603K [0x00000006c1c00000, 0x0000000800000000)
  region size 4096K, 3 young (12288K), 3 survivors (12288K)
 Metaspace       used 60840K, committed 61120K, reserved 1114112K
  class space    used 6975K, committed 7104K, reserved 1048576K
}
Event: 12.249 GC heap before
{Heap before GC invocations=15 (full 0):
 garbage-first heap   total 192512K, used 137139K [0x00000006c1c00000, 0x0000000800000000)
  region size 4096K, 19 young (77824K), 3 survivors (12288K)
 Metaspace       used 64382K, committed 64768K, reserved 1114112K
  class space    used 7292K, committed 7424K, reserved 1048576K
}
Event: 12.289 GC heap after
{Heap after GC invocations=16 (full 0):
 garbage-first heap   total 192512K, used 82928K [0x00000006c1c00000, 0x0000000800000000)
  region size 4096K, 3 young (12288K), 3 survivors (12288K)
 Metaspace       used 64382K, committed 64768K, reserved 1114112K
  class space    used 7292K, committed 7424K, reserved 1048576K
}
Event: 14.559 GC heap before
{Heap before GC invocations=16 (full 0):
 garbage-first heap   total 192512K, used 148464K [0x00000006c1c00000, 0x0000000800000000)
  region size 4096K, 19 young (77824K), 3 survivors (12288K)
 Metaspace       used 71763K, committed 72064K, reserved 1114112K
  class space    used 7942K, committed 8064K, reserved 1048576K
}

